[debug] [2023-11-08T09:11:27.444Z] ----------------------------------------------------------------------
[debug] [2023-11-08T09:11:27.447Z] Command:       C:\Program Files\nodejs\node.exe C:\Users\admin\AppData\Roaming\npm\node_modules\firebase-tools\lib\bin\firebase.js init
[debug] [2023-11-08T09:11:27.447Z] CLI Version:   12.8.1
[debug] [2023-11-08T09:11:27.447Z] Platform:      win32
[debug] [2023-11-08T09:11:27.448Z] Node Version:  v20.9.0
[debug] [2023-11-08T09:11:27.448Z] Time:          Wed Nov 08 2023 14:41:27 GMT+0530 (India Standard Time)
[debug] [2023-11-08T09:11:27.448Z] ----------------------------------------------------------------------
[debug] 
[debug] [2023-11-08T09:11:27.453Z] > command requires scopes: ["email","openid","https://www.googleapis.com/auth/cloudplatformprojects.readonly","https://www.googleapis.com/auth/firebase","https://www.googleapis.com/auth/cloud-platform"]
[debug] [2023-11-08T09:11:27.453Z] > authorizing via signed-in user (gargisc9127@gmail.com)
[info] 
     ######## #### ########  ######## ########     ###     ######  ########
     ##        ##  ##     ## ##       ##     ##  ##   ##  ##       ##
     ######    ##  ########  ######   ########  #########  ######  ######
     ##        ##  ##    ##  ##       ##     ## ##     ##       ## ##
     ##       #### ##     ## ######## ########  ##     ##  ######  ########

You're about to initialize a Firebase project in this directory:

  D:\Codes\New folder\New folder\react-firebase-diff-env

[info] 
=== Project Setup
[info] 
[info] First, let's associate this project directory with a Firebase project.
[info] You can create multiple project aliases by running firebase use --add, 
[info] but for now we'll just set up a default project.
[info] 
[debug] [2023-11-08T09:12:35.124Z] >>> [apiv2][query] GET https://firebase.googleapis.com/v1beta1/projects pageSize=100
[debug] [2023-11-08T09:12:36.235Z] <<< [apiv2][status] GET https://firebase.googleapis.com/v1beta1/projects 200
[debug] [2023-11-08T09:12:36.236Z] <<< [apiv2][body] GET https://firebase.googleapis.com/v1beta1/projects [omitted]
[info] i  Using project react-fb-diff-env-ahaar (react-fb-diff-env-ahaar) 
[info] 
=== Hosting Setup
[info] 
[info] Your public directory is the folder (relative to your project directory) that
[info] will contain Hosting assets to be uploaded with firebase deploy. If you
[info] have a build process for your assets, use your build's output directory.
[info] 
[debug] [2023-11-08T09:14:29.088Z] ----------------------------------------------------------------------
[debug] [2023-11-08T09:14:29.090Z] Command:       C:\Program Files\nodejs\node.exe C:\Users\admin\AppData\Roaming\npm\node_modules\firebase-tools\lib\bin\firebase.js init
[debug] [2023-11-08T09:14:29.091Z] CLI Version:   12.8.1
[debug] [2023-11-08T09:14:29.091Z] Platform:      win32
[debug] [2023-11-08T09:14:29.091Z] Node Version:  v20.9.0
[debug] [2023-11-08T09:14:29.091Z] Time:          Wed Nov 08 2023 14:44:29 GMT+0530 (India Standard Time)
[debug] [2023-11-08T09:14:29.091Z] ----------------------------------------------------------------------
[debug] 
[debug] [2023-11-08T09:14:29.096Z] > command requires scopes: ["email","openid","https://www.googleapis.com/auth/cloudplatformprojects.readonly","https://www.googleapis.com/auth/firebase","https://www.googleapis.com/auth/cloud-platform"]
[debug] [2023-11-08T09:14:29.097Z] > authorizing via signed-in user (gargisc9127@gmail.com)
[info] 
     ######## #### ########  ######## ########     ###     ######  ########
     ##        ##  ##     ## ##       ##     ##  ##   ##  ##       ##
     ######    ##  ########  ######   ########  #########  ######  ######
     ##        ##  ##    ##  ##       ##     ## ##     ##       ## ##
     ##       #### ##     ## ######## ########  ##     ##  ######  ########

You're about to initialize a Firebase project in this directory:

  D:\Codes\New folder\New folder\react-firebase-diff-env

[info] 
=== Project Setup
[info] 
[info] First, let's associate this project directory with a Firebase project.
[info] You can create multiple project aliases by running firebase use --add, 
[info] but for now we'll just set up a default project.
[info] 
[debug] [2023-11-08T09:14:41.595Z] >>> [apiv2][query] GET https://firebase.googleapis.com/v1beta1/projects pageSize=100
[debug] [2023-11-08T09:14:43.611Z] <<< [apiv2][status] GET https://firebase.googleapis.com/v1beta1/projects 200
[debug] [2023-11-08T09:14:43.612Z] <<< [apiv2][body] GET https://firebase.googleapis.com/v1beta1/projects [omitted]
[info] i  Using project react-fb-diff-env-ahaar (react-fb-diff-env-ahaar) 
[info] 
=== Hosting Setup
[info] 
[info] Your public directory is the folder (relative to your project directory) that
[info] will contain Hosting assets to be uploaded with firebase deploy. If you
[info] have a build process for your assets, use your build's output directory.
[info] 
[info] +  Wrote build/404.html 
[debug] [2023-11-08T09:15:20.823Z] >>> [apiv2][query] GET https://www.gstatic.com/firebasejs/releases.json [none]
[debug] [2023-11-08T09:15:28.982Z] <<< [apiv2][status] GET https://www.gstatic.com/firebasejs/releases.json 200
[debug] [2023-11-08T09:15:28.982Z] <<< [apiv2][body] GET https://www.gstatic.com/firebasejs/releases.json {"current":{"version":"10.5.2","browserURL":"https://www.gstatic.com/firebasejs/10.5.2/firebase.js","packageURL":"https://www.gstatic.com/firebasejs/10.5.2/firebase.tgz"},"live":{"version":"10.5","browserURL":"https://www.gstatic.com/firebasejs/live/10.5/firebase.js","packageURL":"https://www.gstatic.com/firebasejs/live/10.5/firebase.tgz"},"components":{"analytics":"https://www.gstatic.com/firebasejs/10.5.2/firebase-analytics.js","app":"https://www.gstatic.com/firebasejs/10.5.2/firebase-app.js","app-check":"https://www.gstatic.com/firebasejs/10.5.2/firebase-app-check.js","auth":"https://www.gstatic.com/firebasejs/10.5.2/firebase-auth.js","auth/cordova":"https://www.gstatic.com/firebasejs/10.5.2/firebase-auth/cordova.js","functions":"https://www.gstatic.com/firebasejs/10.5.2/firebase-functions.js","firestore":"https://www.gstatic.com/firebasejs/10.5.2/firebase-firestore.js","firestore/lite":"https://www.gstatic.com/firebasejs/10.5.2/firebase-firestore/lite.js","installations":"https://www.gstatic.com/firebasejs/10.5.2/firebase-installations.js","storage":"https://www.gstatic.com/firebasejs/10.5.2/firebase-storage.js","performance":"https://www.gstatic.com/firebasejs/10.5.2/firebase-performance.js","remote-config":"https://www.gstatic.com/firebasejs/10.5.2/firebase-remote-config.js","messaging":"https://www.gstatic.com/firebasejs/10.5.2/firebase-messaging.js","messaging/sw":"https://www.gstatic.com/firebasejs/10.5.2/firebase-messaging/sw.js","database":"https://www.gstatic.com/firebasejs/10.5.2/firebase-database.js","firestore.memory":"https://www.gstatic.com/firebasejs/10.5.2/firebase-firestore.memory.js"}}
[info] +  Wrote build/index.html 
[info] 
[info] i  Detected a .git folder at D:\Codes\New folder\New folder 
[info] i  Authorizing with GitHub to upload your service account to a GitHub repository's secrets store. 
[info] 
[info] Visit this URL on this device to log in:
[info] https://github.com/login/oauth/authorize?client_id=89cf50f02ac6aaed3484&state=196641043&redirect_uri=http%3A%2F%2Flocalhost%3A9005&scope=read%3Auser%20repo%20public_repo
[info] 
[info] Waiting for authentication...
[debug] [2023-11-08T09:16:20.627Z] >>> [apiv2][query] POST https://github.com/login/oauth/access_token [none]
[debug] [2023-11-08T09:16:20.628Z] >>> [apiv2][body] POST https://github.com/login/oauth/access_token [stream]
[debug] [2023-11-08T09:16:21.536Z] <<< [apiv2][status] POST https://github.com/login/oauth/access_token 200
[debug] [2023-11-08T09:16:21.536Z] <<< [apiv2][body] POST https://github.com/login/oauth/access_token {"access_token":"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","token_type":"bearer","scope":"read:user,repo"}
[debug] [2023-11-08T09:16:21.554Z] >>> [apiv2][query] GET https://api.github.com/user [none]
[debug] [2023-11-08T09:16:22.667Z] <<< [apiv2][status] GET https://api.github.com/user 200
[debug] [2023-11-08T09:16:22.667Z] <<< [apiv2][body] GET https://api.github.com/user {"login":"gargiisc","id":145841794,"node_id":"U_kgDOCLFegg","avatar_url":"https://avatars.githubusercontent.com/u/145841794?v=4","gravatar_id":"","url":"https://api.github.com/users/gargiisc","html_url":"https://github.com/gargiisc","followers_url":"https://api.github.com/users/gargiisc/followers","following_url":"https://api.github.com/users/gargiisc/following{/other_user}","gists_url":"https://api.github.com/users/gargiisc/gists{/gist_id}","starred_url":"https://api.github.com/users/gargiisc/starred{/owner}{/repo}","subscriptions_url":"https://api.github.com/users/gargiisc/subscriptions","organizations_url":"https://api.github.com/users/gargiisc/orgs","repos_url":"https://api.github.com/users/gargiisc/repos","events_url":"https://api.github.com/users/gargiisc/events{/privacy}","received_events_url":"https://api.github.com/users/gargiisc/received_events","type":"User","site_admin":false,"name":null,"company":null,"blog":"","location":null,"email":null,"hireable":null,"bio":null,"twitter_username":null,"public_repos":5,"public_gists":0,"followers":1,"following":1,"created_at":"2023-09-23T10:31:20Z","updated_at":"2023-11-06T00:05:57Z","private_gists":0,"total_private_repos":0,"owned_private_repos":0,"disk_usage":380,"collaborators":0,"two_factor_authentication":false,"plan":{"name":"free","space":976562499,"collaborators":0,"private_repos":10000}}
[info] 
[info] +  Success! Logged into GitHub as gargiisc 
[info] 
[debug] [2023-11-08T09:21:02.711Z] >>> [apiv2][query] GET https://api.github.com/repos//actions/secrets/public-key type=owner
[debug] [2023-11-08T09:21:06.996Z] <<< [apiv2][status] GET https://api.github.com/repos//actions/secrets/public-key 404
[debug] [2023-11-08T09:21:06.997Z] <<< [apiv2][body] GET https://api.github.com/repos//actions/secrets/public-key {"message":"Not Found","documentation_url":"https://docs.github.com/rest"}
[info] 
[info] 
[error] !  The provided authorization cannot be used with this repository. If this repository is in an organization, did you remember to grant access? 
[info] 
[info] i  Action required: Visit this URL to ensure access has been granted to the appropriate organization(s) for the Firebase CLI GitHub OAuth App: 
[info] https://github.com/settings/connections/applications/89cf50f02ac6aaed3484
[info] 
[debug] [2023-11-08T09:22:39.193Z] >>> [apiv2][query] GET https://api.github.com/repos/gargiisc/react-firebase/actions/secrets/public-key type=owner
[debug] [2023-11-08T09:22:40.275Z] <<< [apiv2][status] GET https://api.github.com/repos/gargiisc/react-firebase/actions/secrets/public-key 404
[debug] [2023-11-08T09:22:40.276Z] <<< [apiv2][body] GET https://api.github.com/repos/gargiisc/react-firebase/actions/secrets/public-key {"message":"Not Found","documentation_url":"https://docs.github.com/rest/actions/secrets#get-a-repository-public-key"}
[info] 
[info] 
[error] !  The provided authorization cannot be used with this repository. If this repository is in an organization, did you remember to grant access? 
[info] 
[info] i  Action required: Visit this URL to ensure access has been granted to the appropriate organization(s) for the Firebase CLI GitHub OAuth App: 
[info] https://github.com/settings/connections/applications/89cf50f02ac6aaed3484
[info] 
